\BOOKMARK [0][-]{section*.1}{Contents}{}% 1
\BOOKMARK [0][-]{chapter.1}{Einleitung}{}% 2
\BOOKMARK [1][-]{section.1.1}{Kontext}{chapter.1}% 3
\BOOKMARK [1][-]{section.1.2}{Aufgabenstellung}{chapter.1}% 4
\BOOKMARK [1][-]{section.1.3}{Voraussetzungen}{chapter.1}% 5
\BOOKMARK [2][-]{subsection.1.3.1}{Hardware}{section.1.3}% 6
\BOOKMARK [2][-]{subsection.1.3.2}{Positionierung}{section.1.3}% 7
\BOOKMARK [0][-]{chapter.2}{Wissenschaftlicher Teil}{}% 8
\BOOKMARK [1][-]{section.2.1}{Background Subtraction}{chapter.2}% 9
\BOOKMARK [2][-]{subsection.2.1.1}{Theorie}{section.2.1}% 10
\BOOKMARK [2][-]{subsection.2.1.2}{BackgroundSubtractorMOG 1 and 2}{section.2.1}% 11
\BOOKMARK [2][-]{subsection.2.1.3}{BackgroundSubtractorKNN}{section.2.1}% 12
\BOOKMARK [2][-]{subsection.2.1.4}{BackgroundSubtractorGMG}{section.2.1}% 13
\BOOKMARK [2][-]{subsection.2.1.5}{Fazit/Begr\374ndung Auswahl}{section.2.1}% 14
\BOOKMARK [1][-]{section.2.2}{Blob Detection}{chapter.2}% 15
\BOOKMARK [2][-]{subsection.2.2.1}{Theorie}{section.2.2}% 16
\BOOKMARK [2][-]{subsection.2.2.2}{Area}{section.2.2}% 17
\BOOKMARK [2][-]{subsection.2.2.3}{Circularity}{section.2.2}% 18
\BOOKMARK [2][-]{subsection.2.2.4}{Inertia}{section.2.2}% 19
\BOOKMARK [2][-]{subsection.2.2.5}{Convexity}{section.2.2}% 20
\BOOKMARK [2][-]{subsection.2.2.6}{Ergebnis}{section.2.2}% 21
\BOOKMARK [2][-]{subsection.2.2.7}{Color}{section.2.2}% 22
\BOOKMARK [1][-]{section.2.3}{Gl\344ttungsfunktion}{chapter.2}% 23
\BOOKMARK [0][-]{chapter.3}{Umsetzung}{}% 24
\BOOKMARK [1][-]{section.3.1}{Framwork Auswahl}{chapter.3}% 25
\BOOKMARK [1][-]{section.3.2}{Design, Software Architektur}{chapter.3}% 26
\BOOKMARK [1][-]{section.3.3}{Testing}{chapter.3}% 27
\BOOKMARK [0][-]{chapter.4}{Schluss}{}% 28
\BOOKMARK [1][-]{section.4.1}{Problemstellungen}{chapter.4}% 29
\BOOKMARK [1][-]{section.4.2}{Ergebnisse}{chapter.4}% 30
\BOOKMARK [1][-]{section.4.3}{Verbesserungen}{chapter.4}% 31
\BOOKMARK [1][-]{section.4.4}{Ausblick}{chapter.4}% 32
